<?xml version="1.0" encoding="UTF-8"?>
<testsuite xmlns:xsi="http://www.w3.org/2001/XMLSchema-instance" xsi:noNamespaceSchemaLocation="https://maven.apache.org/surefire/maven-surefire-plugin/xsd/surefire-test-report.xsd" name="ru.netology.TodosTest" time="0" tests="5" errors="0" skipped="0" failures="0">
  <properties>
[...]
</properties>
  <testcase name="shouldFindAll" classname="ru.netology.TodosTest" time="0"/>
  <testcase name="shouldFindOne" classname="ru.netology.TodosTest" time="0"/>
  <testcase name="shouldFindTwo" classname="ru.netology.TodosTest" time="0"/>
  <testcase name="shouldAddThreeTasksOfDifferentType" classname="ru.netology.TodosTest" time="0"/>
  <testcase name="shouldNotFind" classname="ru.netology.TodosTest" time="0"/>
</testsuite>